TN:
SF:src/commands/edit.ts
FNF:13
FNH:12
DA:1,53
DA:2,54
DA:3,58
DA:4,35
DA:5,50
DA:8,18
DA:9,86
DA:10,42
DA:11,44
DA:12,35
DA:13,19
DA:14,88
DA:15,7
DA:16,26
DA:17,21
DA:18,12
DA:19,27
DA:20,43
DA:21,3
DA:22,25
DA:23,53
DA:24,42
DA:25,50
DA:26,24
DA:27,21
DA:28,68
DA:29,4
DA:30,3
DA:31,0
DA:33,3
DA:34,31
DA:35,21
DA:36,50
DA:37,85
DA:38,4
DA:39,3
DA:40,55
DA:41,2
DA:45,33
DA:46,40
DA:47,31
DA:48,58
DA:49,31
DA:50,57
DA:51,21
DA:52,1
DA:53,18
DA:54,35
DA:55,58
DA:56,63
DA:57,5
DA:58,42
DA:59,82
DA:60,21
DA:61,2
DA:62,52
DA:63,19
DA:64,0
DA:65,0
DA:66,1
DA:67,35
DA:68,55
DA:69,16
DA:70,40
DA:71,78
DA:72,71
DA:73,3
DA:74,4
DA:75,27
DA:76,71
DA:77,58
DA:78,73
DA:79,47
DA:80,75
DA:81,49
DA:82,23
DA:83,24
DA:84,48
DA:85,9
DA:86,16
DA:87,4
DA:88,43
DA:89,0
DA:90,1
DA:91,68
DA:92,35
DA:93,97
DA:94,43
DA:95,8
DA:96,63
LF:98
LH:86
end_of_record
TN:
SF:src/config.ts
FNF:2
FNH:2
DA:1,20
DA:2,24
DA:3,36
DA:4,34
DA:6,50
DA:7,43
DA:9,53
DA:10,69
DA:11,57
DA:13,32
DA:14,15
DA:15,1
DA:32,20
DA:33,50
DA:34,66
DA:35,42
DA:36,30
DA:37,0
DA:38,1
DA:39,33
DA:40,82
DA:41,61
DA:42,1
DA:43,56
DA:46,28
DA:47,50
DA:48,39
DA:49,73
LF:50
LH:27
end_of_record
TN:
SF:src/jsonRpcUtils.ts
FNF:3
FNH:3
DA:1,6
DA:2,8
DA:3,11
DA:4,2
DA:5,18
DA:6,31
DA:7,31
DA:8,12
DA:9,48
DA:10,40
DA:11,37
DA:12,23
DA:13,13
DA:14,39
DA:15,46
DA:16,18
DA:19,4
DA:20,2
DA:21,4
DA:24,21
DA:25,7
DA:26,46
DA:27,0
DA:28,1
LF:30
LH:23
end_of_record
TN:
SF:src/logger.ts
FNF:2
FNH:1
DA:1,20
DA:2,24
DA:3,36
DA:5,50
DA:6,43
DA:8,53
DA:9,20
DA:11,0
DA:12,0
DA:13,0
DA:14,1
DA:17,17
DA:18,25
DA:19,0
DA:20,1
LF:21
LH:11
end_of_record
TN:
SF:src/serverUtils.ts
FNF:1
FNH:1
DA:1,38
DA:2,33
DA:4,19
DA:5,53
DA:6,59
DA:7,41
DA:8,36
DA:9,33
DA:10,4
DA:11,14
LF:12
LH:10
end_of_record
TN:
SF:src/tools.ts
FNF:1
FNH:1
DA:1,28
DA:2,34
DA:3,22
DA:5,37
DA:6,40
DA:7,17
DA:8,23
DA:9,23
DA:10,3
DA:11,35
DA:12,38
DA:13,16
DA:14,22
DA:15,22
DA:16,3
DA:17,28
DA:18,56
DA:19,18
DA:20,1
DA:21,53
DA:22,18
DA:23,1
DA:24,25
DA:25,1
DA:26,16
LF:27
LH:25
end_of_record
