TN:
SF:src/args.ts
FNF:1
FNH:1
DA:2,6
DA:3,6
DA:4,10
DA:5,2
DA:6,37
DA:7,12
DA:8,39
DA:9,28
DA:10,27
DA:11,28
DA:12,12
DA:13,42
DA:14,38
DA:15,12
DA:16,0
DA:17,1
DA:18,18
DA:19,1
DA:20,26
DA:21,93
DA:22,21
DA:23,1
DA:24,13
LF:25
LH:22
end_of_record
TN:
SF:src/config.ts
FNF:1
FNH:1
DA:1,20
DA:2,20
DA:3,24
DA:5,69
DA:6,69
DA:7,32
DA:8,16
DA:9,1
DA:11,20
DA:12,46
DA:13,66
DA:14,30
DA:15,0
DA:16,1
DA:17,33
DA:18,82
DA:19,61
DA:20,1
DA:21,56
LF:22
LH:18
end_of_record
TN:
SF:src/jsonRpcUtils.ts
FNF:3
FNH:3
DA:1,6
DA:2,8
DA:3,11
DA:4,2
DA:5,18
DA:6,31
DA:7,31
DA:8,12
DA:9,48
DA:10,40
DA:11,37
DA:12,23
DA:13,13
DA:14,39
DA:15,46
DA:16,18
DA:19,4
DA:20,2
DA:21,4
DA:24,21
DA:25,43
LF:26
LH:21
end_of_record
TN:
SF:src/logger.ts
FNF:1
FNH:1
DA:1,20
DA:2,24
DA:3,36
DA:5,50
DA:6,43
DA:8,53
DA:9,64
DA:11,17
DA:12,45
DA:13,50
LF:14
LH:10
end_of_record
TN:
SF:src/serverUtils.ts
FNF:1
FNH:1
DA:1,38
DA:2,33
DA:4,19
DA:5,53
DA:6,59
DA:7,41
DA:8,36
DA:9,33
DA:10,4
DA:11,14
LF:12
LH:10
end_of_record
TN:
SF:src/tools.ts
FNF:1
FNH:1
DA:1,28
DA:2,34
DA:3,22
DA:4,54
DA:5,52
DA:6,28
DA:7,56
DA:8,18
DA:9,1
DA:10,53
DA:11,18
DA:12,1
DA:13,25
DA:14,1
DA:15,16
LF:16
LH:15
end_of_record
